# JRE version: OpenJDK Runtime Environment Temurin-21.0.11+10 (21.0.11+10) (build 21.0.11+10-LTS)
# Java VM: OpenJDK 64-Bit Server VM Temurin-21.0.11+10 (21.0.11+10-LTS, mixed mode, sharing, tiered, compressed oops, compressed class ptrs, parallel gc, windows-amd64)
GC Precious Log:
 CardTable entry size: 512
 CPUs: 8 total, 8 available
 Memory: 7930M
 Large Page Support: Disabled
 NUMA Support: Disabled
 Compressed Oops: Enabled (32-bit)
 Alignments: Space 512K, Generation 512K, Heap 2M
 Heap Min Capacity: 100M
 Heap Initial Capacity: 100M
 Heap Max Capacity: 2G
 Pre-touch: Disabled
 Parallel Workers: 8
Heap:
 PSYoungGen      total 19456K, used 9102K [0x00000000d5580000, 0x00000000d7680000, 0x0000000100000000)
  eden space 16896K, 41% used [0x00000000d5580000,0x00000000d5c61760,0x00000000d6600000)
  from space 2560K, 80% used [0x00000000d6780000,0x00000000d6982480,0x00000000d6a00000)
  to   space 6144K, 0% used [0x00000000d7080000,0x00000000d7080000,0x00000000d7680000)
 ParOldGen       total 568320K, used 567439K [0x0000000080000000, 0x00000000a2b00000, 0x00000000d5580000)
  object space 568320K, 99% used [0x0000000080000000,0x00000000a2a23d10,0x00000000a2b00000)
 Metaspace       used 112081K, committed 114176K, reserved 1179648K
  class space    used 10930K, committed 11904K, reserved 1048576K
GC Heap History (20 events):
Event: 867161.393 GC heap before
{Heap before GC invocations=12367 (full 18):
 PSYoungGen      total 25088K, used 20742K [0x00000000d5580000, 0x00000000d7580000, 0x0000000100000000)
  eden space 17920K, 99% used [0x00000000d5580000,0x00000000d66ee4a0,0x00000000d6700000)
  from space 7168K, 40% used [0x00000000d6980000,0x00000000d6c536b0,0x00000000d7080000)
  to   space 3584K, 0% used [0x00000000d7200000,0x00000000d7200000,0x00000000d7580000)
 ParOldGen       total 529408K, used 529075K [0x0000000080000000, 0x00000000a0500000, 0x00000000d5580000)
  object space 529408K, 99% used [0x0000000080000000,0x00000000a04acf18,0x00000000a0500000)
 Metaspace       used 112063K, committed 114176K, reserved 1179648K
  class space    used 10928K, committed 11904K, reserved 1048576K
}
Event: 867161.403 GC heap after
{Heap after GC invocations=12367 (full 18):
 PSYoungGen      total 20992K, used 2292K [0x00000000d5580000, 0x00000000d7480000, 0x0000000100000000)
  eden space 18432K, 0% used [0x00000000d5580000,0x00000000d5580000,0x00000000d6780000)
  from space 2560K, 89% used [0x00000000d7200000,0x00000000d743d2a0,0x00000000d7480000)
  to   space 3072K, 0% used [0x00000000d6e80000,0x00000000d6e80000,0x00000000d7180000)
 ParOldGen       total 529408K, used 529075K [0x0000000080000000, 0x00000000a0500000, 0x00000000d5580000)
  object space 529408K, 99% used [0x0000000080000000,0x00000000a04acf18,0x00000000a0500000)
 Metaspace       used 112063K, committed 114176K, reserved 1179648K
  class space    used 10928K, committed 11904K, reserved 1048576K
}
Event: 867164.907 GC heap before
{Heap before GC invocations=12368 (full 18):
 PSYoungGen      total 20992K, used 20281K [0x00000000d5580000, 0x00000000d7480000, 0x0000000100000000)
  eden space 18432K, 97% used [0x00000000d5580000,0x00000000d67113c8,0x00000000d6780000)
  from space 2560K, 89% used [0x00000000d7200000,0x00000000d743d2a0,0x00000000d7480000)
  to   space 3072K, 0% used [0x00000000d6e80000,0x00000000d6e80000,0x00000000d7180000)
 ParOldGen       total 529408K, used 529075K [0x0000000080000000, 0x00000000a0500000, 0x00000000d5580000)
  object space 529408K, 99% used [0x0000000080000000,0x00000000a04acf18,0x00000000a0500000)
 Metaspace       used 112063K, committed 114176K, reserved 1179648K
  class space    used 10928K, committed 11904K, reserved 1048576K
}
Event: 867164.914 GC heap after
{Heap after GC invocations=12368 (full 18):
 PSYoungGen      total 21504K, used 2330K [0x00000000d5580000, 0x00000000d7280000, 0x0000000100000000)
  eden space 18944K, 0% used [0x00000000d5580000,0x00000000d5580000,0x00000000d6800000)
  from space 2560K, 91% used [0x00000000d6e80000,0x00000000d70c69a0,0x00000000d7100000)
  to   space 1536K, 0% used [0x00000000d7100000,0x00000000d7100000,0x00000000d7280000)
 ParOldGen       total 529408K, used 529075K [0x0000000080000000, 0x00000000a0500000, 0x00000000d5580000)
  object space 529408K, 99% used [0x0000000080000000,0x00000000a04acf18,0x00000000a0500000)
 Metaspace       used 112063K, committed 114176K, reserved 1179648K
  class space    used 10928K, committed 11904K, reserved 1048576K
}
Event: 867165.782 GC heap before
{Heap before GC invocations=12369 (full 18):
 PSYoungGen      total 21504K, used 20157K [0x00000000d5580000, 0x00000000d7280000, 0x0000000100000000)
  eden space 18944K, 94% used [0x00000000d5580000,0x00000000d66e8de0,0x00000000d6800000)
  from space 2560K, 91% used [0x00000000d6e80000,0x00000000d70c69a0,0x00000000d7100000)
  to   space 1536K, 0% used [0x00000000d7100000,0x00000000d7100000,0x00000000d7280000)
 ParOldGen       total 529408K, used 529075K [0x0000000080000000, 0x00000000a0500000, 0x00000000d5580000)
  object space 529408K, 99% used [0x0000000080000000,0x00000000a04acf18,0x00000000a0500000)
 Metaspace       used 112063K, committed 114176K, reserved 1179648K
  class space    used 10928K, committed 11904K, reserved 1048576K
}
Event: 867165.786 GC heap after
{Heap after GC invocations=12369 (full 18):
 PSYoungGen      total 20992K, used 1530K [0x00000000d5580000, 0x00000000d7280000, 0x0000000100000000)
  eden space 19456K, 0% used [0x00000000d5580000,0x00000000d5580000,0x00000000d6880000)
  from space 1536K, 99% used [0x00000000d7100000,0x00000000d727e9a0,0x00000000d7280000)
  to   space 2560K, 0% used [0x00000000d6d80000,0x00000000d6d80000,0x00000000d7000000)
 ParOldGen       total 529920K, used 529742K [0x0000000080000000, 0x00000000a0580000, 0x00000000d5580000)
  object space 529920K, 99% used [0x0000000080000000,0x00000000a0553828,0x00000000a0580000)
 Metaspace       used 112063K, committed 114176K, reserved 1179648K
  class space    used 10928K, committed 11904K, reserved 1048576K
}
Event: 867167.526 GC heap before
{Heap before GC invocations=12370 (full 18):
 PSYoungGen      total 20992K, used 20982K [0x00000000d5580000, 0x00000000d7280000, 0x0000000100000000)
  eden space 19456K, 99% used [0x00000000d5580000,0x00000000d687f0f8,0x00000000d6880000)
  from space 1536K, 99% used [0x00000000d7100000,0x00000000d727e9a0,0x00000000d7280000)
  to   space 2560K, 0% used [0x00000000d6d80000,0x00000000d6d80000,0x00000000d7000000)
 ParOldGen       total 529920K, used 529742K [0x0000000080000000, 0x00000000a0580000, 0x00000000d5580000)
  object space 529920K, 99% used [0x0000000080000000,0x00000000a0553828,0x00000000a0580000)
 Metaspace       used 112063K, committed 114176K, reserved 1179648K
  class space    used 10928K, committed 11904K, reserved 1048576K
}
Event: 867167.531 GC heap after
{Heap after GC invocations=12370 (full 18):
 PSYoungGen      total 22528K, used 2553K [0x00000000d5580000, 0x00000000d7180000, 0x0000000100000000)
  eden space 19968K, 0% used [0x00000000d5580000,0x00000000d5580000,0x00000000d6900000)
  from space 2560K, 99% used [0x00000000d6d80000,0x00000000d6ffe428,0x00000000d7000000)
  to   space 1536K, 0% used [0x00000000d7000000,0x00000000d7000000,0x00000000d7180000)
 ParOldGen       total 530944K, used 530575K [0x0000000080000000, 0x00000000a0680000, 0x00000000d5580000)
  object space 530944K, 99% used [0x0000000080000000,0x00000000a0623c68,0x00000000a0680000)
 Metaspace       used 112063K, committed 114176K, reserved 1179648K
  class space    used 10928K, committed 11904K, reserved 1048576K
}
Event: 867171.240 GC heap before
{Heap before GC invocations=12371 (full 18):
 PSYoungGen      total 22528K, used 22472K [0x00000000d5580000, 0x00000000d7180000, 0x0000000100000000)
  eden space 19968K, 99% used [0x00000000d5580000,0x00000000d68f3e80,0x00000000d6900000)
  from space 2560K, 99% used [0x00000000d6d80000,0x00000000d6ffe428,0x00000000d7000000)
  to   space 1536K, 0% used [0x00000000d7000000,0x00000000d7000000,0x00000000d7180000)
 ParOldGen       total 530944K, used 530575K [0x0000000080000000, 0x00000000a0680000, 0x00000000d5580000)
  object space 530944K, 99% used [0x0000000080000000,0x00000000a0623c68,0x00000000a0680000)
 Metaspace       used 112066K, committed 114176K, reserved 1179648K
  class space    used 10929K, committed 11904K, reserved 1048576K
}
Event: 867171.245 GC heap after
{Heap after GC invocations=12371 (full 18):
 PSYoungGen      total 22016K, used 1520K [0x00000000d5580000, 0x00000000d7180000, 0x0000000100000000)
  eden space 20480K, 0% used [0x00000000d5580000,0x00000000d5580000,0x00000000d6980000)
  from space 1536K, 99% used [0x00000000d7000000,0x00000000d717c3a0,0x00000000d7180000)
  to   space 4096K, 0% used [0x00000000d6980000,0x00000000d6980000,0x00000000d6d80000)
 ParOldGen       total 532992K, used 532964K [0x0000000080000000, 0x00000000a0880000, 0x00000000d5580000)
  object space 532992K, 99% used [0x0000000080000000,0x00000000a0879370,0x00000000a0880000)
 Metaspace       used 112066K, committed 114176K, reserved 1179648K
  class space    used 10929K, committed 11904K, reserved 1048576K
}
Event: 867173.368 GC heap before
{Heap before GC invocations=12372 (full 18):
 PSYoungGen      total 22016K, used 21920K [0x00000000d5580000, 0x00000000d7180000, 0x0000000100000000)
  eden space 20480K, 99% used [0x00000000d5580000,0x00000000d696bce8,0x00000000d6980000)
  from space 1536K, 99% used [0x00000000d7000000,0x00000000d717c3a0,0x00000000d7180000)
  to   space 4096K, 0% used [0x00000000d6980000,0x00000000d6980000,0x00000000d6d80000)
 ParOldGen       total 532992K, used 532964K [0x0000000080000000, 0x00000000a0880000, 0x00000000d5580000)
  object space 532992K, 99% used [0x0000000080000000,0x00000000a0879370,0x00000000a0880000)
 Metaspace       used 112066K, committed 114176K, reserved 1179648K
  class space    used 10929K, committed 11904K, reserved 1048576K
}
Event: 867173.371 GC heap after
{Heap after GC invocations=12372 (full 18):
 PSYoungGen      total 24576K, used 2755K [0x00000000d5580000, 0x00000000d7100000, 0x0000000100000000)
  eden space 20480K, 0% used [0x00000000d5580000,0x00000000d5580000,0x00000000d6980000)
  from space 4096K, 67% used [0x00000000d6980000,0x00000000d6c30d58,0x00000000d6d80000)
  to   space 3584K, 0% used [0x00000000d6d80000,0x00000000d6d80000,0x00000000d7100000)
 ParOldGen       total 533504K, used 533175K [0x0000000080000000, 0x00000000a0900000, 0x00000000d5580000)
  object space 533504K, 99% used [0x0000000080000000,0x00000000a08adc70,0x00000000a0900000)
 Metaspace       used 112066K, committed 114176K, reserved 1179648K
  class space    used 10929K, committed 11904K, reserved 1048576K
}
Event: 867176.600 GC heap before
{Heap before GC invocations=12373 (full 18):
 PSYoungGen      total 24576K, used 23235K [0x00000000d5580000, 0x00000000d7100000, 0x0000000100000000)
  eden space 20480K, 100% used [0x00000000d5580000,0x00000000d6980000,0x00000000d6980000)
  from space 4096K, 67% used [0x00000000d6980000,0x00000000d6c30d58,0x00000000d6d80000)
  to   space 3584K, 0% used [0x00000000d6d80000,0x00000000d6d80000,0x00000000d7100000)
 ParOldGen       total 533504K, used 533175K [0x0000000080000000, 0x00000000a0900000, 0x00000000d5580000)
  object space 533504K, 99% used [0x0000000080000000,0x00000000a08adc70,0x00000000a0900000)
 Metaspace       used 112066K, committed 114176K, reserved 1179648K
  class space    used 10929K, committed 11904K, reserved 1048576K
}
Event: 867176.621 GC heap after
{Heap after GC invocations=12373 (full 18):
 PSYoungGen      total 18432K, used 3562K [0x00000000d5580000, 0x00000000d7d00000, 0x0000000100000000)
  eden space 14848K, 0% used [0x00000000d5580000,0x00000000d5580000,0x00000000d6400000)
  from space 3584K, 99% used [0x00000000d6d80000,0x00000000d70fa8a0,0x00000000d7100000)
  to   space 9728K, 0% used [0x00000000d6400000,0x00000000d6400000,0x00000000d6d80000)
 ParOldGen       total 538624K, used 538295K [0x0000000080000000, 0x00000000a0e00000, 0x00000000d5580000)
  object space 538624K, 99% used [0x0000000080000000,0x00000000a0dadc80,0x00000000a0e00000)
 Metaspace       used 112066K, committed 114176K, reserved 1179648K
  class space    used 10929K, committed 11904K, reserved 1048576K
}
Event: 867176.756 GC heap before
{Heap before GC invocations=12374 (full 18):
 PSYoungGen      total 18432K, used 18400K [0x00000000d5580000, 0x00000000d7d00000, 0x0000000100000000)
  eden space 14848K, 99% used [0x00000000d5580000,0x00000000d63fdab8,0x00000000d6400000)
  from space 3584K, 99% used [0x00000000d6d80000,0x00000000d70fa8a0,0x00000000d7100000)
  to   space 9728K, 0% used [0x00000000d6400000,0x00000000d6400000,0x00000000d6d80000)
 ParOldGen       total 538624K, used 538295K [0x0000000080000000, 0x00000000a0e00000, 0x00000000d5580000)
  object space 538624K, 99% used [0x0000000080000000,0x00000000a0dadc80,0x00000000a0e00000)
 Metaspace       used 112068K, committed 114176K, reserved 1179648K
  class space    used 10930K, committed 11904K, reserved 1048576K
}
Event: 867176.778 GC heap after
{Heap after GC invocations=12374 (full 18):
 PSYoungGen      total 24576K, used 9702K [0x00000000d5580000, 0x00000000d8700000, 0x0000000100000000)
  eden space 14848K, 0% used [0x00000000d5580000,0x00000000d5580000,0x00000000d6400000)
  from space 9728K, 99% used [0x00000000d6400000,0x00000000d6d79b80,0x00000000d6d80000)
  to   space 17408K, 0% used [0x00000000d7600000,0x00000000d7600000,0x00000000d8700000)
 ParOldGen       total 544768K, used 544351K [0x0000000080000000, 0x00000000a1400000, 0x00000000d5580000)
  object space 544768K, 99% used [0x0000000080000000,0x00000000a1397ce0,0x00000000a1400000)
 Metaspace       used 112068K, committed 114176K, reserved 1179648K
  class space    used 10930K, committed 11904K, reserved 1048576K
}
Event: 867176.915 GC heap before
{Heap before GC invocations=12375 (full 18):
 PSYoungGen      total 24576K, used 24550K [0x00000000d5580000, 0x00000000d8700000, 0x0000000100000000)
  eden space 14848K, 100% used [0x00000000d5580000,0x00000000d6400000,0x00000000d6400000)
  from space 9728K, 99% used [0x00000000d6400000,0x00000000d6d79b80,0x00000000d6d80000)
  to   space 17408K, 0% used [0x00000000d7600000,0x00000000d7600000,0x00000000d8700000)
 ParOldGen       total 544768K, used 544351K [0x0000000080000000, 0x00000000a1400000, 0x00000000d5580000)
  object space 544768K, 99% used [0x0000000080000000,0x00000000a1397ce0,0x00000000a1400000)
 Metaspace       used 112068K, committed 114176K, reserved 1179648K
  class space    used 10930K, committed 11904K, reserved 1048576K
}
Event: 867176.930 GC heap after
{Heap after GC invocations=12375 (full 18):
 PSYoungGen      total 28672K, used 12345K [0x00000000d5580000, 0x00000000d8280000, 0x0000000100000000)
  eden space 15872K, 0% used [0x00000000d5580000,0x00000000d5580000,0x00000000d6500000)
  from space 12800K, 96% used [0x00000000d7600000,0x00000000d820e478,0x00000000d8280000)
  to   space 13824K, 0% used [0x00000000d6780000,0x00000000d6780000,0x00000000d7500000)
 ParOldGen       total 544768K, used 544391K [0x0000000080000000, 0x00000000a1400000, 0x00000000d5580000)
  object space 544768K, 99% used [0x0000000080000000,0x00000000a13a1cf0,0x00000000a1400000)
 Metaspace       used 112068K, committed 114176K, reserved 1179648K
  class space    used 10930K, committed 11904K, reserved 1048576K
}
Event: 867178.060 GC heap before
{Heap before GC invocations=12376 (full 18):
 PSYoungGen      total 28672K, used 28217K [0x00000000d5580000, 0x00000000d8280000, 0x0000000100000000)
  eden space 15872K, 100% used [0x00000000d5580000,0x00000000d6500000,0x00000000d6500000)
  from space 12800K, 96% used [0x00000000d7600000,0x00000000d820e478,0x00000000d8280000)
  to   space 13824K, 0% used [0x00000000d6780000,0x00000000d6780000,0x00000000d7500000)
 ParOldGen       total 568320K, used 567431K [0x0000000080000000, 0x00000000a2b00000, 0x00000000d5580000)
  object space 568320K, 99% used [0x0000000080000000,0x00000000a2a21d10,0x00000000a2b00000)
 Metaspace       used 112071K, committed 114176K, reserved 1179648K
  class space    used 10930K, committed 11904K, reserved 1048576K
}
Event: 867178.072 GC heap after
{Heap after GC invocations=12376 (full 18):
 PSYoungGen      total 19456K, used 2057K [0x00000000d5580000, 0x00000000d7680000, 0x0000000100000000)
  eden space 16896K, 0% used [0x00000000d5580000,0x00000000d5580000,0x00000000d6600000)
  from space 2560K, 80% used [0x00000000d6780000,0x00000000d6982480,0x00000000d6a00000)
  to   space 6144K, 0% used [0x00000000d7080000,0x00000000d7080000,0x00000000d7680000)
 ParOldGen       total 568320K, used 567439K [0x0000000080000000, 0x00000000a2b00000, 0x00000000d5580000)
  object space 568320K, 99% used [0x0000000080000000,0x00000000a2a23d10,0x00000000a2b00000)
 Metaspace       used 112071K, committed 114176K, reserved 1179648K
  class space    used 10930K, committed 11904K, reserved 1048576K
}

